Дата и время вызова функции: 10/10/2023, 15:57:59
 Функция: hello_world
 Аргументы: (), {}
 Возвращаемое значение: Hello World

Дата и время вызова функции: 10/10/2023, 15:57:59
 Функция: summator
 Аргументы: (2, 2), {}
 Возвращаемое значение: 4

Дата и время вызова функции: 10/10/2023, 15:57:59
 Функция: div
 Аргументы: (6, 2), {}
 Возвращаемое значение: 3.0

Дата и время вызова функции: 10/10/2023, 15:57:59
 Функция: summator
 Аргументы: (4.3,), {'b': 2.2}
 Возвращаемое значение: 6.5

Дата и время вызова функции: 10/10/2023, 15:57:59
 Функция: summator
 Аргументы: (), {'a': 0, 'b': 0}
 Возвращаемое значение: 0

